This is MetaPost, version 1.208 (kpathsea version 5.0.0) (mem=mpost 2011.06.28)  29 FEB 2012 15:49
**kayttoliittyma.mp
(./kayttoliittyma.mp (/usr/share/texmf-texlive/metapost/metauml/metauml.mp
(/usr/share/texmf-texlive/metapost/base/boxes.mp)
(/usr/share/texmf-texlive/metapost/metauml/util_infrastructure.mp
(/usr/share/texmf-texlive/metapost/metauml/util_log.mp))
(/usr/share/texmf-texlive/metapost/metauml/util_object.mp
(/usr/share/texmf-texlive/metapost/metauml/util_infrastructure.mp)
(/usr/share/texmf-texlive/metapost/metauml/util_log.mp))
(/usr/share/texmf-texlive/metapost/metauml/util_commons.mp
(/usr/share/texmf-texlive/metapost/metauml/util_log.mp))
(/usr/share/texmf-texlive/metapost/metauml/util_margins.mp)
(/usr/share/texmf-texlive/metapost/metauml/util_picture.mp
(/usr/share/texmf-texlive/metapost/metauml/util_log.mp)
(/usr/share/texmf-texlive/metapost/metauml/util_margins.mp))
(/usr/share/texmf-texlive/metapost/metauml/util_group.mp
(/usr/share/texmf-texlive/metapost/metauml/util_object.mp)
(/usr/share/texmf-texlive/metapost/metauml/util_commons.mp)
(/usr/share/texmf-texlive/metapost/metauml/util_margins.mp)
(/usr/share/texmf-texlive/metapost/metauml/util_log.mp))
(/usr/share/texmf-texlive/metapost/metauml/util_picture_stack.mp
(/usr/share/texmf-texlive/metapost/metauml/util_picture.mp)
(/usr/share/texmf-texlive/metapost/metauml/util_commons.mp)
(/usr/share/texmf-texlive/metapost/metauml/util_group.mp)
(/usr/share/texmf-texlive/metapost/metauml/util_log.mp))
(/usr/share/texmf-texlive/metapost/metauml/util_positioning.mp
(/usr/share/texmf-texlive/metapost/metauml/util_log.mp))
(/usr/share/texmf-texlive/metapost/metauml/util_shade.mp
(/usr/share/texmf-texlive/metapost/metauml/util_log.mp))
(/usr/share/texmf-texlive/metapost/metauml/metauml_base.mp
(/usr/share/texmf-texlive/metapost/metauml/util_log.mp))
(/usr/share/texmf-texlive/metapost/metauml/metauml_links.mp)
(/usr/share/texmf-texlive/metapost/metauml/metauml_paths.mp)
(/usr/share/texmf-texlive/metapost/metauml/metauml_note.mp
(/usr/share/texmf-texlive/metapost/metauml/metauml_defaults.mp)
(/usr/share/texmf-texlive/metapost/metauml/util_log.mp)
(/usr/share/texmf-texlive/metapost/metauml/util_object.mp)
(/usr/share/texmf-texlive/metapost/metauml/util_picture_stack.mp)
(/usr/share/texmf-texlive/metapost/metauml/util_shade.mp)
(/usr/share/texmf-texlive/metapost/metauml/util_margins.mp))
(/usr/share/texmf-texlive/metapost/metauml/metauml_stereotype.mp
(/usr/share/texmf-texlive/metapost/metauml/metauml_defaults.mp))
(/usr/share/texmf-texlive/metapost/metauml/metauml_class_clipart.mp
(/usr/share/texmf-texlive/metapost/metauml/util_log.mp))
(/usr/share/texmf-texlive/metapost/metauml/metauml_class.mp
(/usr/share/texmf-texlive/metapost/metauml/metauml_defaults.mp)
(/usr/share/texmf-texlive/metapost/metauml/util_log.mp)
(/usr/share/texmf-texlive/metapost/metauml/util_picture.mp)
(/usr/share/texmf-texlive/metapost/metauml/util_picture_stack.mp)
(/usr/share/texmf-texlive/metapost/metauml/util_shade.mp))
(/usr/share/texmf-texlive/metapost/metauml/metauml_instance.mp
(/usr/share/texmf-texlive/metapost/metauml/metauml_defaults.mp)
(/usr/share/texmf-texlive/metapost/metauml/util_log.mp)
(/usr/share/texmf-texlive/metapost/metauml/util_picture.mp)
(/usr/share/texmf-texlive/metapost/metauml/util_picture_stack.mp)
(/usr/share/texmf-texlive/metapost/metauml/util_shade.mp))
(/usr/share/texmf-texlive/metapost/metauml/metauml_class_relations.mp)
(/usr/share/texmf-texlive/metapost/metauml/metauml_class_assoc.mp
(/usr/share/texmf-texlive/metapost/metauml/util_log.mp)
(/usr/share/texmf-texlive/metapost/metauml/metauml_defaults.mp))
(/usr/share/texmf-texlive/metapost/metauml/metauml_package.mp
(/usr/share/texmf-texlive/metapost/metauml/metauml_defaults.mp)
(/usr/share/texmf-texlive/metapost/metauml/util_log.mp))
(/usr/share/texmf-texlive/metapost/metauml/metauml_package_relations.mp)
(/usr/share/texmf-texlive/metapost/metauml/metauml_behavioral_common.mp
(/usr/share/texmf-texlive/metapost/metauml/util_log.mp))
(/usr/share/texmf-texlive/metapost/metauml/metauml_activity.mp
(/usr/share/texmf-texlive/metapost/metauml/metauml_defaults.mp)
(/usr/share/texmf-texlive/metapost/metauml/util_log.mp))
(/usr/share/texmf-texlive/metapost/metauml/metauml_state.mp
(/usr/share/texmf-texlive/metapost/metauml/metauml_defaults.mp)
(/usr/share/texmf-texlive/metapost/metauml/util_log.mp))
(/usr/share/texmf-texlive/metapost/metauml/metauml_usecase_clipart.mp
(/usr/share/texmf-texlive/metapost/metauml/util_log.mp))
(/usr/share/texmf-texlive/metapost/metauml/metauml_usecase.mp
(/usr/share/texmf-texlive/metapost/metauml/metauml_defaults.mp)
(/usr/share/texmf-texlive/metapost/metauml/util_log.mp))
(/usr/share/texmf-texlive/metapost/metauml/metauml_templates.mp
(/usr/share/texmf-texlive/metapost/metauml/metauml_defaults.mp)
(/usr/share/texmf-texlive/metapost/metauml/util_log.mp))) [1] )
1 output file written: kayttoliittyma.1
